@!@!@STARTMSG 2262:0 @!@!@
TLC2 Version 2.15 of Day Month 20?? (rev: eb3ff99)
@!@!@ENDMSG 2262 @!@!@
@!@!@STARTMSG 2187:0 @!@!@
Running breadth-first search Model-Checking with fp 76 and seed 3933312545044190945 with 4 workers on 8 cores with 2398MB heap and 5392MB offheap memory [pid: 27700] (Windows 10 10.0 amd64, AdoptOpenJDK 14.0.1 x86_64, OffHeapDiskFPSet, DiskStateQueue).
@!@!@ENDMSG 2187 @!@!@
@!@!@STARTMSG 2220:0 @!@!@
Starting SANY...
@!@!@ENDMSG 2220 @!@!@
Parsing file C:\PrivateRepos\practicaltlaplus\wire\wire.toolbox\Model_1\MC.tla
Parsing file C:\PrivateRepos\practicaltlaplus\wire\wire.toolbox\Model_1\wire.tla
Parsing file C:\Users\yeray\tla\toolbox\plugins\org.lamport.tlatools_1.0.0.202004251858\tla2sany\StandardModules\TLC.tla
Parsing file C:\Users\yeray\tla\toolbox\plugins\org.lamport.tlatools_1.0.0.202004251858\tla2sany\StandardModules\Integers.tla
Parsing file C:\Users\yeray\tla\toolbox\plugins\org.lamport.tlatools_1.0.0.202004251858\tla2sany\StandardModules\Naturals.tla
Parsing file C:\Users\yeray\tla\toolbox\plugins\org.lamport.tlatools_1.0.0.202004251858\tla2sany\StandardModules\Sequences.tla
Parsing file C:\Users\yeray\tla\toolbox\plugins\org.lamport.tlatools_1.0.0.202004251858\tla2sany\StandardModules\FiniteSets.tla
Semantic processing of module Naturals
Semantic processing of module Integers
Semantic processing of module wire
Semantic processing of module Sequences
Semantic processing of module FiniteSets
Semantic processing of module TLC
Semantic processing of module MC
@!@!@STARTMSG 2219:0 @!@!@
SANY finished.
@!@!@ENDMSG 2219 @!@!@
@!@!@STARTMSG 2185:0 @!@!@
Starting... (2020-11-02 11:57:33)
@!@!@ENDMSG 2185 @!@!@
@!@!@STARTMSG 2212:0 @!@!@
Implied-temporal checking--satisfiability problem has 1 branches.
@!@!@ENDMSG 2212 @!@!@
@!@!@STARTMSG 2189:0 @!@!@
Computing initial states...
@!@!@ENDMSG 2189 @!@!@
@!@!@STARTMSG 2269:0 @!@!@
Computed 2 initial states...
@!@!@ENDMSG 2269 @!@!@
@!@!@STARTMSG 2269:0 @!@!@
Computed 4 initial states...
@!@!@ENDMSG 2269 @!@!@
@!@!@STARTMSG 2269:0 @!@!@
Computed 8 initial states...
@!@!@ENDMSG 2269 @!@!@
@!@!@STARTMSG 2269:0 @!@!@
Computed 16 initial states...
@!@!@ENDMSG 2269 @!@!@
@!@!@STARTMSG 2190:0 @!@!@
Finished computing initial states: 25 distinct states generated at 2020-11-02 11:57:34.
@!@!@ENDMSG 2190 @!@!@
@!@!@STARTMSG 2200:0 @!@!@
Progress(5) at 2020-11-02 11:57:34: 332 states generated, 222 distinct states found, 0 states left on queue.
@!@!@ENDMSG 2200 @!@!@
@!@!@STARTMSG 2192:0 @!@!@
Checking temporal properties for the complete state space with 222 total distinct states at (2020-11-02 11:57:34)
@!@!@ENDMSG 2192 @!@!@
@!@!@STARTMSG 2116:1 @!@!@
Temporal properties were violated.

@!@!@ENDMSG 2116 @!@!@
@!@!@STARTMSG 2264:1 @!@!@
The following behavior constitutes a counter-example:

@!@!@ENDMSG 2264 @!@!@
@!@!@STARTMSG 2217:4 @!@!@
1: <Initial predicate>
/\ people = {"alice", "bob"}
/\ sender = <<"alice", "alice">>
/\ receiver = <<"bob", "bob">>
/\ acc = [alice |-> 5, bob |-> 5]
/\ amount = <<1, 1>>
/\ pc = <<"CheckAndWithdraw", "CheckAndWithdraw">>

@!@!@ENDMSG 2217 @!@!@
@!@!@STARTMSG 2217:4 @!@!@
2: <CheckAndWithdraw line 53, col 27 to line 59, col 77 of module wire>
/\ people = {"alice", "bob"}
/\ sender = <<"alice", "alice">>
/\ receiver = <<"bob", "bob">>
/\ acc = [alice |-> 4, bob |-> 5]
/\ amount = <<1, 1>>
/\ pc = <<"Deposit", "CheckAndWithdraw">>

@!@!@ENDMSG 2217 @!@!@
@!@!@STARTMSG 2217:4 @!@!@
3: <CheckAndWithdraw line 53, col 27 to line 59, col 77 of module wire>
/\ people = {"alice", "bob"}
/\ sender = <<"alice", "alice">>
/\ receiver = <<"bob", "bob">>
/\ acc = [alice |-> 3, bob |-> 5]
/\ amount = <<1, 1>>
/\ pc = <<"Deposit", "Deposit">>

@!@!@ENDMSG 2217 @!@!@
@!@!@STARTMSG 2217:4 @!@!@
4: <Deposit line 61, col 18 to line 64, col 68 of module wire>
/\ people = {"alice", "bob"}
/\ sender = <<"alice", "alice">>
/\ receiver = <<"bob", "bob">>
/\ acc = [alice |-> 3, bob |-> 4]
/\ amount = <<1, 1>>
/\ pc = <<"Done", "Deposit">>

@!@!@ENDMSG 2217 @!@!@
@!@!@STARTMSG 2217:4 @!@!@
5: <Deposit line 61, col 18 to line 64, col 68 of module wire>
/\ people = {"alice", "bob"}
/\ sender = <<"alice", "alice">>
/\ receiver = <<"bob", "bob">>
/\ acc = [alice |-> 3, bob |-> 3]
/\ amount = <<1, 1>>
/\ pc = <<"Done", "Done">>

@!@!@ENDMSG 2217 @!@!@
@!@!@STARTMSG 2218:4 @!@!@
6: Stuttering
@!@!@ENDMSG 2218 @!@!@
@!@!@STARTMSG 2267:0 @!@!@
Finished checking temporal properties in 00s at 2020-11-02 11:57:34
@!@!@ENDMSG 2267 @!@!@
@!@!@STARTMSG 2201:0 @!@!@
The coverage statistics at 2020-11-02 11:57:34
@!@!@ENDMSG 2201 @!@!@
@!@!@STARTMSG 2773:0 @!@!@
<Init line 44, col 1 to line 44, col 4 of module wire>: 50:50
@!@!@ENDMSG 2773 @!@!@
@!@!@STARTMSG 2221:0 @!@!@
  line 45, col 12 to line 45, col 36 of module wire: 2
@!@!@ENDMSG 2221 @!@!@
@!@!@STARTMSG 2221:0 @!@!@
  line 46, col 12 to line 46, col 37 of module wire: 2
@!@!@ENDMSG 2221 @!@!@
@!@!@STARTMSG 2221:0 @!@!@
  line 48, col 12 to line 48, col 47 of module wire: 2
@!@!@ENDMSG 2221 @!@!@
@!@!@STARTMSG 2221:0 @!@!@
  line 49, col 12 to line 49, col 47 of module wire: 2
@!@!@ENDMSG 2221 @!@!@
@!@!@STARTMSG 2221:0 @!@!@
  line 50, col 12 to line 50, col 76 of module wire: 2
@!@!@ENDMSG 2221 @!@!@
@!@!@STARTMSG 2221:0 @!@!@
  line 51, col 12 to line 51, col 57 of module wire: 50
@!@!@ENDMSG 2221 @!@!@
@!@!@STARTMSG 2772:0 @!@!@
<CheckAndWithdraw line 53, col 1 to line 53, col 22 of module wire>: 115:152
@!@!@ENDMSG 2772 @!@!@
@!@!@STARTMSG 2221:0 @!@!@
  line 53, col 30 to line 53, col 58 of module wire: 602
@!@!@ENDMSG 2221 @!@!@
@!@!@STARTMSG 2221:0 @!@!@
  |line 53, col 30 to line 53, col 37 of module wire: 450
@!@!@ENDMSG 2221 @!@!@
@!@!@STARTMSG 2221:0 @!@!@
  line 54, col 33 to line 54, col 65 of module wire: 152
@!@!@ENDMSG 2221 @!@!@
@!@!@STARTMSG 2221:0 @!@!@
  line 55, col 38 to line 56, col 77 of module wire: 92
@!@!@ENDMSG 2221 @!@!@
@!@!@STARTMSG 2221:0 @!@!@
  line 57, col 38 to line 58, col 50 of module wire: 60
@!@!@ENDMSG 2221 @!@!@
@!@!@STARTMSG 2221:0 @!@!@
  line 59, col 30 to line 59, col 77 of module wire: 152
@!@!@ENDMSG 2221 @!@!@
@!@!@STARTMSG 2772:0 @!@!@
<Deposit line 61, col 1 to line 61, col 13 of module wire>: 82:123
@!@!@ENDMSG 2772 @!@!@
@!@!@STARTMSG 2221:0 @!@!@
  line 61, col 21 to line 61, col 40 of module wire: 571
@!@!@ENDMSG 2221 @!@!@
@!@!@STARTMSG 2221:0 @!@!@
  |line 61, col 21 to line 61, col 28 of module wire: 448
@!@!@ENDMSG 2221 @!@!@
@!@!@STARTMSG 2221:0 @!@!@
  line 62, col 21 to line 62, col 94 of module wire: 123
@!@!@ENDMSG 2221 @!@!@
@!@!@STARTMSG 2221:0 @!@!@
  line 63, col 21 to line 63, col 54 of module wire: 123
@!@!@ENDMSG 2221 @!@!@
@!@!@STARTMSG 2221:0 @!@!@
  line 64, col 21 to line 64, col 68 of module wire: 123
@!@!@ENDMSG 2221 @!@!@
@!@!@STARTMSG 2772:0 @!@!@
<Terminating line 69, col 1 to line 69, col 11 of module wire>: 0:37
@!@!@ENDMSG 2772 @!@!@
@!@!@STARTMSG 2221:0 @!@!@
  line 69, col 40 to line 69, col 56 of module wire: 383
@!@!@ENDMSG 2221 @!@!@
@!@!@STARTMSG 2221:0 @!@!@
  |line 69, col 40 to line 69, col 47 of module wire: 309
@!@!@ENDMSG 2221 @!@!@
@!@!@STARTMSG 2221:0 @!@!@
  line 69, col 31 to line 69, col 37 of module wire: 222
@!@!@ENDMSG 2221 @!@!@
@!@!@STARTMSG 2221:0 @!@!@
  line 70, col 19 to line 70, col 32 of module wire: 37
@!@!@ENDMSG 2221 @!@!@
@!@!@STARTMSG 2774:0 @!@!@
<NoOverdrafts line 35, col 1 to line 35, col 12 of module wire>
@!@!@ENDMSG 2774 @!@!@
@!@!@STARTMSG 2221:0 @!@!@
  line 35, col 17 to line 35, col 44 of module wire: 222
@!@!@ENDMSG 2221 @!@!@
@!@!@STARTMSG 2221:0 @!@!@
  |line 35, col 34 to line 35, col 44 of module wire: 444
@!@!@ENDMSG 2221 @!@!@
@!@!@STARTMSG 2221:0 @!@!@
  |line 35, col 26 to line 35, col 31 of module wire: 222
@!@!@ENDMSG 2221 @!@!@
@!@!@STARTMSG 2202:0 @!@!@
End of statistics.
@!@!@ENDMSG 2202 @!@!@
@!@!@STARTMSG 2200:0 @!@!@
Progress(5) at 2020-11-02 11:57:34: 332 states generated (15.252 s/min), 222 distinct states found (10.199 ds/min), 0 states left on queue.
@!@!@ENDMSG 2200 @!@!@
@!@!@STARTMSG 2199:0 @!@!@
332 states generated, 222 distinct states found, 0 states left on queue.
@!@!@ENDMSG 2199 @!@!@
@!@!@STARTMSG 2186:0 @!@!@
Finished in 1313ms at (2020-11-02 11:57:34)
@!@!@ENDMSG 2186 @!@!@
