@!@!@STARTMSG 2262:0 @!@!@
TLC2 Version 2.15 of Day Month 20?? (rev: eb3ff99)
@!@!@ENDMSG 2262 @!@!@
@!@!@STARTMSG 2187:0 @!@!@
Running breadth-first search Model-Checking with fp 60 and seed 9066432960478298525 with 6 workers on 12 cores with 2412MB heap and 5422MB offheap memory [pid: 11080] (Windows 10 10.0 amd64, AdoptOpenJDK 14.0.1 x86_64, OffHeapDiskFPSet, DiskStateQueue).
@!@!@ENDMSG 2187 @!@!@
@!@!@STARTMSG 2220:0 @!@!@
Starting SANY...
@!@!@ENDMSG 2220 @!@!@
Parsing file C:\PrivateRepos\practicaltlaplus\knapsack\knapsack.toolbox\Model_1\MC.tla
Parsing file C:\PrivateRepos\practicaltlaplus\knapsack\knapsack.toolbox\Model_1\knapsack.tla
Labels added.
Parsing file C:\Users\yeray\tla\toolbox\plugins\org.lamport.tlatools_1.0.0.202004251858\tla2sany\StandardModules\TLC.tla
Parsing file C:\Users\yeray\tla\toolbox\plugins\org.lamport.tlatools_1.0.0.202004251858\tla2sany\StandardModules\Integers.tla
Parsing file C:\Users\yeray\tla\toolbox\plugins\org.lamport.tlatools_1.0.0.202004251858\tla2sany\StandardModules\Sequences.tla
Parsing file C:\Users\yeray\tla\toolbox\plugins\org.lamport.tlatools_1.0.0.202004251858\tla2sany\StandardModules\Naturals.tla
Parsing file C:\PrivateRepos\practical-tla-plus\PT\PT.tla
Parsing file C:\Users\yeray\tla\toolbox\plugins\org.lamport.tlatools_1.0.0.202004251858\tla2sany\StandardModules\FiniteSets.tla
Semantic processing of module Naturals
Semantic processing of module Sequences
Semantic processing of module FiniteSets
Semantic processing of module TLC
Semantic processing of module Integers
Semantic processing of module PT
Semantic processing of module knapsack
Semantic processing of module MC
@!@!@STARTMSG 2219:0 @!@!@
SANY finished.
@!@!@ENDMSG 2219 @!@!@
@!@!@STARTMSG 2185:0 @!@!@
Starting... (2020-11-09 20:37:34)
@!@!@ENDMSG 2185 @!@!@
<<"$!@$!@$!@$!@$!", [{"a", "b", "c"} -> {[size |-> 2, value |-> 0], [size |-> 2, value |-> 1], [size |-> 2, value |-> 2], [size |-> 2, value |-> 3], [size |-> 2, value |-> 4], [size |-> 2, value |-> 5], [size |-> 3, value |-> 0], [size |-> 3, value |-> 1], [size |-> 3, value |-> 2], [size |-> 3, value |-> 3], [size |-> 3, value |-> 4], [size |-> 3, value |-> 5], [size |-> 4, value |-> 0], [size |-> 4, value |-> 1], [size |-> 4, value |-> 2], [size |-> 4, value |-> 3], [size |-> 4, value |-> 4], [size |-> 4, value |-> 5]}]>>
@!@!@STARTMSG 2189:0 @!@!@
Computing initial states...
@!@!@ENDMSG 2189 @!@!@
@!@!@STARTMSG 2269:0 @!@!@
Computed 2 initial states...
@!@!@ENDMSG 2269 @!@!@
@!@!@STARTMSG 2269:0 @!@!@
Computed 4 initial states...
@!@!@ENDMSG 2269 @!@!@
@!@!@STARTMSG 2269:0 @!@!@
Computed 8 initial states...
@!@!@ENDMSG 2269 @!@!@
@!@!@STARTMSG 2269:0 @!@!@
Computed 16 initial states...
@!@!@ENDMSG 2269 @!@!@
@!@!@STARTMSG 2269:0 @!@!@
Computed 32 initial states...
@!@!@ENDMSG 2269 @!@!@
@!@!@STARTMSG 2269:0 @!@!@
Computed 64 initial states...
@!@!@ENDMSG 2269 @!@!@
@!@!@STARTMSG 2269:0 @!@!@
Computed 128 initial states...
@!@!@ENDMSG 2269 @!@!@
@!@!@STARTMSG 2269:0 @!@!@
Computed 256 initial states...
@!@!@ENDMSG 2269 @!@!@
@!@!@STARTMSG 2269:0 @!@!@
Computed 512 initial states...
@!@!@ENDMSG 2269 @!@!@
@!@!@STARTMSG 2269:0 @!@!@
Computed 1024 initial states...
@!@!@ENDMSG 2269 @!@!@
@!@!@STARTMSG 2269:0 @!@!@
Computed 2048 initial states...
@!@!@ENDMSG 2269 @!@!@
@!@!@STARTMSG 2269:0 @!@!@
Computed 4096 initial states...
@!@!@ENDMSG 2269 @!@!@
@!@!@STARTMSG 2190:0 @!@!@
Finished computing initial states: 5832 distinct states generated at 2020-11-09 20:37:35.
@!@!@ENDMSG 2190 @!@!@
@!@!@STARTMSG 1000:1 @!@!@
TLC threw an unexpected exception.
This was probably caused by an error in the spec or model.
See the User Output or TLC Console for clues to what happened.
The exception was a java.lang.RuntimeException
: Attempted to compute the value of an expression of form
CHOOSE x \in S: P, but no element of S satisfied P.
line 22, col 6 to line 24, col 64 of module knapsack
@!@!@ENDMSG 1000 @!@!@
@!@!@STARTMSG 2121:1 @!@!@
The behavior up to this point is:
@!@!@ENDMSG 2121 @!@!@
@!@!@STARTMSG 2217:4 @!@!@
1: <Initial predicate>
/\ itemset = [ a |-> [size |-> 2, value |-> 0],
  b |-> [size |-> 2, value |-> 0],
  c |-> [size |-> 2, value |-> 0] ]
/\ pc = "Lbl_1"

@!@!@ENDMSG 2217 @!@!@
@!@!@STARTMSG 2103:1 @!@!@
The error occurred when TLC was evaluating the nested
expressions at the following positions:
0. Line 40, column 10 to line 44, column 29 in knapsack
1. Line 40, column 13 to line 40, column 24 in knapsack
2. Line 41, column 13 to line 42, column 64 in knapsack
3. Line 41, column 20 to line 41, column 68 in knapsack
4. Line 41, column 20 to line 41, column 40 in knapsack
5. Line 21, column 3 to line 24, column 64 in knapsack
6. Line 22, column 6 to line 24, column 64 in knapsack


@!@!@ENDMSG 2103 @!@!@
@!@!@STARTMSG 2201:0 @!@!@
The coverage statistics at 2020-11-09 20:37:35
@!@!@ENDMSG 2201 @!@!@
@!@!@STARTMSG 2773:0 @!@!@
<Init line 36, col 1 to line 36, col 4 of module knapsack>: 5832:5832
@!@!@ENDMSG 2773 @!@!@
@!@!@STARTMSG 2221:0 @!@!@
  line 37, col 12 to line 37, col 31 of module knapsack: 1
@!@!@ENDMSG 2221 @!@!@
@!@!@STARTMSG 2221:0 @!@!@
  line 38, col 12 to line 38, col 23 of module knapsack: 5832
@!@!@ENDMSG 2221 @!@!@
@!@!@STARTMSG 2772:0 @!@!@
<Lbl_1 line 40, col 1 to line 40, col 5 of module knapsack>: 10:10
@!@!@ENDMSG 2772 @!@!@
@!@!@STARTMSG 2221:0 @!@!@
  line 40, col 13 to line 40, col 24 of module knapsack: 24
@!@!@ENDMSG 2221 @!@!@
@!@!@STARTMSG 2221:0 @!@!@
  |line 40, col 13 to line 40, col 14 of module knapsack: 14
@!@!@ENDMSG 2221 @!@!@
@!@!@STARTMSG 2221:0 @!@!@
  line 41, col 13 to line 42, col 64 of module knapsack: 10
@!@!@ENDMSG 2221 @!@!@
@!@!@STARTMSG 2221:0 @!@!@
  |line 41, col 20 to line 41, col 68 of module knapsack: 14
@!@!@ENDMSG 2221 @!@!@
@!@!@STARTMSG 2221:0 @!@!@
  ||line 41, col 20 to line 41, col 40 of module knapsack: 14
@!@!@ENDMSG 2221 @!@!@
@!@!@STARTMSG 2221:0 @!@!@
  |||line 21, col 14 to line 21, col 36 of module knapsack: 14
@!@!@ENDMSG 2221 @!@!@
@!@!@STARTMSG 2775:0 @!@!@
  ||||line 14, col 3 to line 14, col 69 of module knapsack: 14:3628
@!@!@ENDMSG 2775 @!@!@
@!@!@STARTMSG 2221:0 @!@!@
  |||||line 14, col 30 to line 14, col 68 of module knapsack: 3264
@!@!@ENDMSG 2221 @!@!@
@!@!@STARTMSG 2775:0 @!@!@
  |||||line 14, col 13 to line 14, col 27 of module knapsack: 14:9792
@!@!@ENDMSG 2775 @!@!@
@!@!@STARTMSG 2221:0 @!@!@
  ||||line 21, col 29 to line 21, col 35 of module knapsack: 14
@!@!@ENDMSG 2221 @!@!@
@!@!@STARTMSG 2221:0 @!@!@
  |||line 22, col 6 to line 24, col 64 of module knapsack: 14
@!@!@ENDMSG 2221 @!@!@
@!@!@STARTMSG 2221:0 @!@!@
  ||||line 23, col 5 to line 24, col 64 of module knapsack: 105
@!@!@ENDMSG 2221 @!@!@
@!@!@STARTMSG 2221:0 @!@!@
  |||||line 24, col 5 to line 24, col 64 of module knapsack: 290
@!@!@ENDMSG 2221 @!@!@
@!@!@STARTMSG 2221:0 @!@!@
  |||||line 23, col 18 to line 23, col 29 of module knapsack: 105
@!@!@ENDMSG 2221 @!@!@
@!@!@STARTMSG 2221:0 @!@!@
  ||||line 22, col 22 to line 22, col 24 of module knapsack: 14
@!@!@ENDMSG 2221 @!@!@
@!@!@STARTMSG 2221:0 @!@!@
  |||line 41, col 33 to line 41, col 39 of module knapsack: 14
@!@!@ENDMSG 2221 @!@!@
@!@!@STARTMSG 2221:0 @!@!@
  ||line 41, col 46 to line 41, col 68 of module knapsack: 10
@!@!@ENDMSG 2221 @!@!@
@!@!@STARTMSG 2221:0 @!@!@
  line 43, col 13 to line 43, col 24 of module knapsack: 10
@!@!@ENDMSG 2221 @!@!@
@!@!@STARTMSG 2221:0 @!@!@
  line 44, col 13 to line 44, col 29 of module knapsack: 10
@!@!@ENDMSG 2221 @!@!@
@!@!@STARTMSG 2772:0 @!@!@
<Terminating line 47, col 1 to line 47, col 11 of module knapsack>: 0:0
@!@!@ENDMSG 2772 @!@!@
@!@!@STARTMSG 2221:0 @!@!@
  line 47, col 16 to line 47, col 26 of module knapsack: 10
@!@!@ENDMSG 2221 @!@!@
@!@!@STARTMSG 2221:0 @!@!@
  line 47, col 31 to line 47, col 44 of module knapsack: 0
@!@!@ENDMSG 2221 @!@!@
@!@!@STARTMSG 2202:0 @!@!@
End of statistics.
@!@!@ENDMSG 2202 @!@!@
@!@!@STARTMSG 2200:0 @!@!@
Progress(2) at 2020-11-09 20:37:35: 5.842 states generated (176.317 s/min), 5.842 distinct states found (176.317 ds/min), 5.829 states left on queue.
@!@!@ENDMSG 2200 @!@!@
@!@!@STARTMSG 2199:0 @!@!@
5842 states generated, 5842 distinct states found, 5829 states left on queue.
@!@!@ENDMSG 2199 @!@!@
@!@!@STARTMSG 2186:0 @!@!@
Finished in 2000ms at (2020-11-09 20:37:35)
@!@!@ENDMSG 2186 @!@!@
